=============== LOG ENTRY BEGIN ===============
Wed Jul 12 2017 22:17:11 GMT-0700 (Pacific Daylight Time)
 
TERMINAL COMMANDS:
$: C:\Program Files\nodejs\node.exe,C:\Users\psyth\desktop\coding\liri\liri,my-tweets
 
DATA OUTPUT:
1. Tweet: Continuing another post
Created at: Thu Jul 13 05:14:08 +0000 2017 
2. Tweet: First tweet!!
Created at: Thu Jul 13 05:08:37 +0000 2017 
3. Tweet: We have a newsfeed for memebers to post information and photos of their beloved pets! #getpetpal #newsfeed #photos #pets
Created at: Tue Apr 26 18:43:39 +0000 2016 
4. Tweet: Click the link to sign up https://t.co/yiMzbmNCGc. #signup #getpetpal #social #pets #community
Created at: Fri Apr 22 22:54:30 +0000 2016 
5. Tweet: By next weekend we plan to roll-out an updated patch version as requested! #getpetpal #messenger #photoimprovements #feedback #update
Created at: Fri Apr 22 22:51:21 +0000 2016 
8. Tweet: Dogs Get Their Day: Amtrak To Be Required To Allow Pets On Trains https://t.co/6hlkO6MUtL via @HuffPostPol #petpal #travelwithpets
Created at: Wed Dec 02 20:19:55 +0000 2015 
7. Tweet: We have Officially Launched our Beta Version of https://t.co/argEiF2HgH. Let us know what you think! #getpetpal #beta #launched
Created at: Mon Apr 18 07:20:24 +0000 2016 
6. Tweet: How do you like our website? Please leave any comments on how we can improve? #getpetpal #feedback
Created at: Wed Apr 20 00:17:24 +0000 2016 
11. Tweet: Hello world! If you love pets, you have come to the right place! #gottalovepets https://t.co/1sRhz3zr98
Created at: Tue Nov 17 20:07:51 +0000 2015 
10. Tweet: Survey: 95% of pet owners have bought Xmas gifts for their pets https://t.co/TFQAE7KwbE #petpal #dogs #xmas #gifts https://t.co/hwttfuMdU1
Created at: Wed Nov 18 20:50:47 +0000 2015 
9. Tweet: Who knew? Pet Dogs reduce rates of allergies, asthma and anxiety https://t.co/en90RQBZ5K via @nbcnews #petpal #kids #dogs #health
Created at: Wed Nov 25 19:46:19 +0000 2015 
=============== LOG ENTRY END ===============
 
=============== LOG ENTRY BEGIN ===============
Wed Jul 12 2017 22:17:51 GMT-0700 (Pacific Daylight Time)
 
TERMINAL COMMANDS:
$: C:\Program Files\nodejs\node.exe,C:\Users\psyth\desktop\coding\liri\liri,my-tweets
 
DATA OUTPUT:
1. Tweet: Continuing another post
Created at: Thu Jul 13 05:14:08 +0000 2017 
2. Tweet: We have a newsfeed for memebers to post information and photos of their beloved pets! #getpetpal #newsfeed #photos #pets
Created at: Tue Apr 26 18:43:39 +0000 2016 
3. Tweet: Click the link to sign up https://t.co/yiMzbmNCGc. #signup #getpetpal #social #pets #community
Created at: Fri Apr 22 22:54:30 +0000 2016 
4. Tweet: By next weekend we plan to roll-out an updated patch version as requested! #getpetpal #messenger #photoimprovements #feedback #update
Created at: Fri Apr 22 22:51:21 +0000 2016 
5. Tweet: How do you like our website? Please leave any comments on how we can improve? #getpetpal #feedback
Created at: Wed Apr 20 00:17:24 +0000 2016 
6. Tweet: We have Officially Launched our Beta Version of https://t.co/argEiF2HgH. Let us know what you think! #getpetpal #beta #launched
Created at: Mon Apr 18 07:20:24 +0000 2016 
7. Tweet: Dogs Get Their Day: Amtrak To Be Required To Allow Pets On Trains https://t.co/6hlkO6MUtL via @HuffPostPol #petpal #travelwithpets
Created at: Wed Dec 02 20:19:55 +0000 2015 
8. Tweet: Who knew? Pet Dogs reduce rates of allergies, asthma and anxiety https://t.co/en90RQBZ5K via @nbcnews #petpal #kids #dogs #health
Created at: Wed Nov 25 19:46:19 +0000 2015 
9. Tweet: Survey: 95% of pet owners have bought Xmas gifts for their pets https://t.co/TFQAE7KwbE #petpal #dogs #xmas #gifts https://t.co/hwttfuMdU1
Created at: Wed Nov 18 20:50:47 +0000 2015 
10. Tweet: Hello world! If you love pets, you have come to the right place! #gottalovepets https://t.co/1sRhz3zr98
Created at: Tue Nov 17 20:07:51 +0000 2015 
=============== LOG ENTRY END ===============
 
